Build started 2/28/2012 1:11:22 PM.
     1>Project "C:\Users\pankajk81\source\WinApp\FFMpeg\FFMpeg.vcxproj" on node 2 (Build target(s)).
     1>GetInstalledSDKLocations:
         Searching for SDKs targeting "Windows, 8.0".
       ResolveSDKReferences:
           Reading SDK manifest file "C:\Program Files (x86)\Microsoft SDKs\Windows\v8.0\ExtensionSDKs\Microsoft.VCLibs\11.0\SDKManifest.xml".
           Targeted configuration and architecture "Debug|x86"
           Could not find "FrameworkIdentity" attribute "FrameworkIdentity-Debug-x86" in the SDK manifest. 
           Found "FrameworkIdentity" attribute "Name = Microsoft.VCLibs.110.Debug, MinVersion = 11.0.0.0" in the SDK manifest.
           Found "APPX" location attribute ".\AppX\Debug\x86\Microsoft.VCLibs.x86.Debug.11.appx" in the SDK manifest.
       ExpandSDKReferences:
         Expanding SDK Reference "Microsoft.VCLibs, Version=11.0" from "C:\Program Files (x86)\Microsoft SDKs\Windows\v8.0\ExtensionSDKs\Microsoft.VCLibs\11.0\".
         Adding reference assembly "References\CommonConfiguration\Neutral\platform.winmd".
       InitializeBuildStatus:
         Touching "Debug\FFMpeg.unsuccessfulbuild".
       ClCompile:
         All outputs are up-to-date.
         All outputs are up-to-date.
       CreateWinMD:
         C:\Program Files (x86)\Microsoft Visual Studio 11.0\VC\bin\link.exe /ERRORREPORT:PROMPT /OUT:"C:\Users\pankajk81\source\WinApp\Debug\FFMpeg\FFMpeg.dll" /INCREMENTAL /NOLOGO runtimeobject.lib libavformat.a kernel32.lib user32.lib gdi32.lib winspool.lib comdlg32.lib advapi32.lib shell32.lib ole32.lib oleaut32.lib uuid.lib odbc32.lib odbccp32.lib /MANIFEST:NO /DEBUG /PDB:"C:\Users\pankajk81\source\WinApp\Debug\FFMpeg\FFMpeg.pdb" /SUBSYSTEM:CONSOLE /TLBID:1 /APPCONTAINER /WINMD:ONLY /WINMDFILE:"C:\Users\pankajk81\source\WinApp\Debug\FFMpeg\FFMpeg.winmd" /DYNAMICBASE /NXCOMPAT /MACHINE:X86 /DLL Debug\pch.obj
         Debug\WinRTComponent.obj
         FFMpeg.vcxproj -> C:\Users\pankajk81\source\WinApp\Debug\FFMpeg\FFMpeg.winmd
       CompileXamlGeneratedFiles:
         All outputs are up-to-date.
       Link:
         All outputs are up-to-date.
         C:\Program Files (x86)\Microsoft Visual Studio 11.0\VC\bin\link.exe /ERRORREPORT:PROMPT /OUT:"C:\Users\pankajk81\source\WinApp\Debug\FFMpeg\FFMpeg.dll" /INCREMENTAL /NOLOGO runtimeobject.lib libavformat.a kernel32.lib user32.lib gdi32.lib winspool.lib comdlg32.lib advapi32.lib shell32.lib ole32.lib oleaut32.lib uuid.lib odbc32.lib odbccp32.lib /MANIFEST:NO /DEBUG /PDB:"C:\Users\pankajk81\source\WinApp\Debug\FFMpeg\FFMpeg.pdb" /SUBSYSTEM:CONSOLE /TLBID:1 /APPCONTAINER /WINMD /WINMDFILE:"C:\Users\pankajk81\source\WinApp\Debug\FFMpeg\FFMpeg.winmd" /DYNAMICBASE /NXCOMPAT /MACHINE:X86 /DLL Debug\pch.obj
         Debug\WinRTComponent.obj
            Creating library C:\Users\pankajk81\source\WinApp\Debug\FFMpeg\FFMpeg.lib and object C:\Users\pankajk81\source\WinApp\Debug\FFMpeg\FFMpeg.exp
     1>WinRTComponent.obj : error LNK2019: unresolved external symbol _av_register_all referenced in function "public: __cdecl FFMpeg::LangSample::LangSample(void)" (??0LangSample@FFMpeg@@Q$AAA@XZ)
     1>WinRTComponent.obj : error LNK2019: unresolved external symbol _av_open_input_file referenced in function "public: __cdecl FFMpeg::LangSample::LangSample(void)" (??0LangSample@FFMpeg@@Q$AAA@XZ)
     1>WinRTComponent.obj : error LNK2019: unresolved external symbol _av_find_stream_info referenced in function "public: __cdecl FFMpeg::LangSample::LangSample(void)" (??0LangSample@FFMpeg@@Q$AAA@XZ)
     1>C:\Users\pankajk81\source\WinApp\Debug\FFMpeg\FFMpeg.dll : fatal error LNK1120: 3 unresolved externals
     1>Done Building Project "C:\Users\pankajk81\source\WinApp\FFMpeg\FFMpeg.vcxproj" (Build target(s)) -- FAILED.

Build FAILED.

Time Elapsed 00:00:00.38
